[90m2025-10-30T01:44:19Z[0m [32mINF[0m [1mgithub.com/traefik/traefik/v3/cmd/traefik/traefik.go:100[0m[36m >[0m Traefik version 3.0.4 built on 2024-07-02T13:46:37Z [36mversion=[0m3.0.4
[90m2025-10-30T01:44:19Z[0m [33mDBG[0m [1mgithub.com/traefik/traefik/v3/cmd/traefik/traefik.go:107[0m[36m >[0m Static configuration loaded [json] [36mstaticConfiguration=[0m{"api":{"dashboard":true,"insecure":true},"certificatesResolvers":{"le":{"acme":{"caServer":"https://acme-v02.api.letsencrypt.org/directory","certificatesDuration":2160,"email":"hamohand@gmail.com","keyType":"RSA4096","storage":"/letsencrypt/acme.json","tlsChallenge":{}}}},"entryPoints":{"traefik":{"address":":8080","forwardedHeaders":{},"http":{},"http2":{"maxConcurrentStreams":250},"transport":{"lifeCycle":{"graceTimeOut":"10s"},"respondingTimeouts":{"idleTimeout":"3m0s","readTimeout":"1m0s"}},"udp":{"timeout":"3s"}},"web":{"address":":80","forwardedHeaders":{},"http":{},"http2":{"maxConcurrentStreams":250},"transport":{"lifeCycle":{"graceTimeOut":"10s"},"respondingTimeouts":{"idleTimeout":"3m0s","readTimeout":"1m0s"}},"udp":{"timeout":"3s"}},"websecure":{"address":":443","forwardedHeaders":{},"http":{},"http2":{"maxConcurrentStreams":250},"transport":{"lifeCycle":{"graceTimeOut":"10s"},"respondingTimeouts":{"idleTimeout":"3m0s","readTimeout":"1m0s"}},"udp":{"timeout":"3s"}}},"global":{"checkNewVersion":true},"log":{"format":"common","level":"DEBUG"},"providers":{"docker":{"defaultRule":"Host(`{{ normalize .Name }}`)","endpoint":"unix:///var/run/docker.sock","watch":true},"providersThrottleDuration":"2s"},"serversTransport":{"maxIdleConnsPerHost":200},"tcpServersTransport":{"dialKeepAlive":"15s","dialTimeout":"30s"}}
[90m2025-10-30T01:44:19Z[0m [32mINF[0m [1mgithub.com/traefik/traefik/v3/cmd/traefik/traefik.go:605[0m[36m >[0m 
Stats collection is disabled.
Help us improve Traefik by turning this feature on :)
More details on: https://doc.traefik.io/traefik/contributing/data-collection/

[90m2025-10-30T01:44:19Z[0m [32mINF[0m [1mgithub.com/traefik/traefik/v3/pkg/server/configurationwatcher.go:73[0m[36m >[0m Starting provider aggregator aggregator.ProviderAggregator
[90m2025-10-30T01:44:19Z[0m [33mDBG[0m [1mgithub.com/traefik/traefik/v3/pkg/server/server_entrypoint_tcp.go:220[0m[36m >[0m Starting TCP Server [36mentryPointName=[0mwebsecure
[90m2025-10-30T01:44:19Z[0m [33mDBG[0m [1mgithub.com/traefik/traefik/v3/pkg/server/server_entrypoint_tcp.go:220[0m[36m >[0m Starting TCP Server [36mentryPointName=[0mtraefik
[90m2025-10-30T01:44:19Z[0m [33mDBG[0m [1mgithub.com/traefik/traefik/v3/pkg/server/server_entrypoint_tcp.go:220[0m[36m >[0m Starting TCP Server [36mentryPointName=[0mweb
[90m2025-10-30T01:44:19Z[0m [32mINF[0m [1mgithub.com/traefik/traefik/v3/pkg/provider/aggregator/aggregator.go:202[0m[36m >[0m Starting provider *docker.Provider
[90m2025-10-30T01:44:19Z[0m [33mDBG[0m [1mgithub.com/traefik/traefik/v3/pkg/provider/aggregator/aggregator.go:203[0m[36m >[0m *docker.Provider provider configuration [36mconfig=[0m{"defaultRule":"Host(`{{ normalize .Name }}`)","endpoint":"unix:///var/run/docker.sock","watch":true}
[90m2025-10-30T01:44:19Z[0m [32mINF[0m [1mgithub.com/traefik/traefik/v3/pkg/provider/aggregator/aggregator.go:202[0m[36m >[0m Starting provider *traefik.Provider
[90m2025-10-30T01:44:19Z[0m [33mDBG[0m [1mgithub.com/traefik/traefik/v3/pkg/provider/aggregator/aggregator.go:203[0m[36m >[0m *traefik.Provider provider configuration [36mconfig=[0m{}
[90m2025-10-30T01:44:19Z[0m [32mINF[0m [1mgithub.com/traefik/traefik/v3/pkg/provider/aggregator/aggregator.go:202[0m[36m >[0m Starting provider *acme.ChallengeTLSALPN
[90m2025-10-30T01:44:19Z[0m [33mDBG[0m [1mgithub.com/traefik/traefik/v3/pkg/provider/aggregator/aggregator.go:203[0m[36m >[0m *acme.ChallengeTLSALPN provider configuration [36mconfig=[0m{}
[90m2025-10-30T01:44:19Z[0m [32mINF[0m [1mgithub.com/traefik/traefik/v3/pkg/provider/aggregator/aggregator.go:202[0m[36m >[0m Starting provider *acme.Provider
[90m2025-10-30T01:44:19Z[0m [33mDBG[0m [1mgithub.com/traefik/traefik/v3/pkg/provider/aggregator/aggregator.go:203[0m[36m >[0m *acme.Provider provider configuration [36mconfig=[0m{"HTTPChallengeProvider":{},"ResolverName":"le","TLSChallengeProvider":{},"caServer":"https://acme-v02.api.letsencrypt.org/directory","certificatesDuration":2160,"email":"hamohand@gmail.com","keyType":"RSA4096","storage":"/letsencrypt/acme.json","store":{},"tlsChallenge":{}}
[90m2025-10-30T01:44:19Z[0m [33mDBG[0m [1mgithub.com/traefik/traefik/v3/pkg/provider/acme/provider.go:213[0m[36m >[0m Attempt to renew certificates "720h0m0s" before expiry and check every "24h0m0s" [36macmeCA=[0mhttps://acme-v02.api.letsencrypt.org/directory [36mproviderName=[0mle.acme
[90m2025-10-30T01:44:19Z[0m [32mINF[0m [1mgithub.com/traefik/traefik/v3/pkg/provider/acme/provider.go:795[0m[36m >[0m Testing certificate renew... [36macmeCA=[0mhttps://acme-v02.api.letsencrypt.org/directory [36mproviderName=[0mle.acme
[90m2025-10-30T01:44:19Z[0m [33mDBG[0m [1mgithub.com/traefik/traefik/v3/pkg/server/configurationwatcher.go:227[0m[36m >[0m Configuration received [36mconfig=[0m{"http":{"middlewares":{"dashboard_redirect":{"redirectRegex":{"permanent":true,"regex":"^(http:\\/\\/(\\[[\\w:.]+\\]|[\\w\\._-]+)(:\\d+)?)\\/$","replacement":"${1}/dashboard/"}},"dashboard_stripprefix":{"stripPrefix":{"prefixes":["/dashboard/","/dashboard"]}}},"routers":{"api":{"entryPoints":["traefik"],"priority":9223372036854775806,"rule":"PathPrefix(`/api`)","ruleSyntax":"v3","service":"api@internal"},"dashboard":{"entryPoints":["traefik"],"middlewares":["dashboard_redirect@internal","dashboard_stripprefix@internal"],"priority":9223372036854775805,"rule":"PathPrefix(`/`)","ruleSyntax":"v3","service":"dashboard@internal"}},"serversTransports":{"default":{"maxIdleConnsPerHost":200}},"services":{"api":{},"dashboard":{},"noop":{}}},"tcp":{"serversTransports":{"default":{"dialKeepAlive":"15s","dialTimeout":"30s"}}},"tls":{},"udp":{}} [36mproviderName=[0minternal
[90m2025-10-30T01:44:19Z[0m [33mDBG[0m [1mgithub.com/traefik/traefik/v3/pkg/server/configurationwatcher.go:227[0m[36m >[0m Configuration received [36mconfig=[0m{"http":{},"tcp":{},"tls":{},"udp":{}} [36mproviderName=[0mle.acme
[90m2025-10-30T01:44:19Z[0m [33mDBG[0m [1mgithub.com/traefik/traefik/v3/pkg/provider/docker/pdocker.go:89[0m[36m >[0m Provider connection established with docker 28.3.1 (API 1.51) [36mproviderName=[0mdocker
[90m2025-10-30T01:44:19Z[0m [33mDBG[0m [1mgithub.com/traefik/traefik/v3/pkg/server/configurationwatcher.go:227[0m[36m >[0m Configuration received [36mconfig=[0m{"http":{"middlewares":{"https-redirect":{"redirectScheme":{"permanent":true,"scheme":"https"}}},"routers":{"traefik-reverse-proxy":{"rule":"Host(`traefik-reverse-proxy`)","service":"traefik-reverse-proxy"}},"services":{"traefik-reverse-proxy":{"loadBalancer":{"passHostHeader":true,"responseForwarding":{"flushInterval":"100ms"},"servers":[{"url":"http://172.19.0.2:80"}]}}}},"tcp":{},"tls":{},"udp":{}} [36mproviderName=[0mdocker
[90m2025-10-30T01:44:19Z[0m [33mDBG[0m [1mgithub.com/traefik/traefik/v3/pkg/tls/tlsmanager.go:321[0m[36m >[0m No default certificate, fallback to the internal generated certificate [36mtlsStoreName=[0mdefault
[90m2025-10-30T01:44:19Z[0m [33mDBG[0m [1mgithub.com/traefik/traefik/v3/pkg/middlewares/stripprefix/strip_prefix.go:32[0m[36m >[0m Creating middleware [36mentryPointName=[0mtraefik [36mmiddlewareName=[0mdashboard_stripprefix@internal [36mmiddlewareType=[0mStripPrefix [36mrouterName=[0mdashboard@internal
[90m2025-10-30T01:44:19Z[0m [33mDBG[0m [1mgithub.com/traefik/traefik/v3/pkg/middlewares/observability/middleware.go:33[0m[36m >[0m Adding tracing to middleware [36mentryPointName=[0mtraefik [36mmiddlewareName=[0mdashboard_stripprefix@internal [36mrouterName=[0mdashboard@internal
[90m2025-10-30T01:44:19Z[0m [33mDBG[0m [1mgithub.com/traefik/traefik/v3/pkg/middlewares/redirect/redirect_regex.go:17[0m[36m >[0m Creating middleware [36mentryPointName=[0mtraefik [36mmiddlewareName=[0mdashboard_redirect@internal [36mmiddlewareType=[0mRedirectRegex [36mrouterName=[0mdashboard@internal
[90m2025-10-30T01:44:19Z[0m [33mDBG[0m [1mgithub.com/traefik/traefik/v3/pkg/middlewares/redirect/redirect_regex.go:18[0m[36m >[0m Setting up redirection from ^(http:\/\/(\[[\w:.]+\]|[\w\._-]+)(:\d+)?)\/$ to ${1}/dashboard/ [36mentryPointName=[0mtraefik [36mmiddlewareName=[0mdashboard_redirect@internal [36mmiddlewareType=[0mRedirectRegex [36mrouterName=[0mdashboard@internal
[90m2025-10-30T01:44:19Z[0m [33mDBG[0m [1mgithub.com/traefik/traefik/v3/pkg/middlewares/observability/middleware.go:33[0m[36m >[0m Adding tracing to middleware [36mentryPointName=[0mtraefik [36mmiddlewareName=[0mdashboard_redirect@internal [36mrouterName=[0mdashboard@internal
[90m2025-10-30T01:44:19Z[0m [33mDBG[0m [1mgithub.com/traefik/traefik/v3/pkg/middlewares/recovery/recovery.go:22[0m[36m >[0m Creating middleware [36mentryPointName=[0mtraefik [36mmiddlewareName=[0mtraefik-internal-recovery [36mmiddlewareType=[0mRecovery
[90m2025-10-30T01:44:19Z[0m [33mDBG[0m [1mgithub.com/traefik/traefik/v3/pkg/server/aggregator.go:51[0m[36m >[0m No entryPoint defined for this router, using the default one(s) instead [36mentryPointName=[0m["web","websecure"] [36mrouterName=[0mtraefik-reverse-proxy
[90m2025-10-30T01:44:20Z[0m [33mDBG[0m [1mgithub.com/traefik/traefik/v3/pkg/tls/tlsmanager.go:321[0m[36m >[0m No default certificate, fallback to the internal generated certificate [36mtlsStoreName=[0mdefault
[90m2025-10-30T01:44:20Z[0m [33mDBG[0m [1mgithub.com/traefik/traefik/v3/pkg/middlewares/stripprefix/strip_prefix.go:32[0m[36m >[0m Creating middleware [36mentryPointName=[0mtraefik [36mmiddlewareName=[0mdashboard_stripprefix@internal [36mmiddlewareType=[0mStripPrefix [36mrouterName=[0mdashboard@internal
[90m2025-10-30T01:44:20Z[0m [33mDBG[0m [1mgithub.com/traefik/traefik/v3/pkg/middlewares/observability/middleware.go:33[0m[36m >[0m Adding tracing to middleware [36mentryPointName=[0mtraefik [36mmiddlewareName=[0mdashboard_stripprefix@internal [36mrouterName=[0mdashboard@internal
[90m2025-10-30T01:44:20Z[0m [33mDBG[0m [1mgithub.com/traefik/traefik/v3/pkg/middlewares/redirect/redirect_regex.go:17[0m[36m >[0m Creating middleware [36mentryPointName=[0mtraefik [36mmiddlewareName=[0mdashboard_redirect@internal [36mmiddlewareType=[0mRedirectRegex [36mrouterName=[0mdashboard@internal
[90m2025-10-30T01:44:20Z[0m [33mDBG[0m [1mgithub.com/traefik/traefik/v3/pkg/middlewares/redirect/redirect_regex.go:18[0m[36m >[0m Setting up redirection from ^(http:\/\/(\[[\w:.]+\]|[\w\._-]+)(:\d+)?)\/$ to ${1}/dashboard/ [36mentryPointName=[0mtraefik [36mmiddlewareName=[0mdashboard_redirect@internal [36mmiddlewareType=[0mRedirectRegex [36mrouterName=[0mdashboard@internal
[90m2025-10-30T01:44:20Z[0m [33mDBG[0m [1mgithub.com/traefik/traefik/v3/pkg/middlewares/observability/middleware.go:33[0m[36m >[0m Adding tracing to middleware [36mentryPointName=[0mtraefik [36mmiddlewareName=[0mdashboard_redirect@internal [36mrouterName=[0mdashboard@internal
[90m2025-10-30T01:44:20Z[0m [33mDBG[0m [1mgithub.com/traefik/traefik/v3/pkg/middlewares/recovery/recovery.go:22[0m[36m >[0m Creating middleware [36mentryPointName=[0mtraefik [36mmiddlewareName=[0mtraefik-internal-recovery [36mmiddlewareType=[0mRecovery
[90m2025-10-30T01:44:20Z[0m [33mDBG[0m [1mgithub.com/traefik/traefik/v3/pkg/server/service/service.go:259[0m[36m >[0m Creating load-balancer [36mentryPointName=[0mweb [36mrouterName=[0mtraefik-reverse-proxy@docker [36mserviceName=[0mtraefik-reverse-proxy@docker
[90m2025-10-30T01:44:20Z[0m [33mDBG[0m [1mgithub.com/traefik/traefik/v3/pkg/server/service/service.go:301[0m[36m >[0m Creating server [36mentryPointName=[0mweb [36mrouterName=[0mtraefik-reverse-proxy@docker [36mserverName=[0m42fa737edf82f01b [36mserviceName=[0mtraefik-reverse-proxy@docker [36mtarget=[0mhttp://172.19.0.2:80
[90m2025-10-30T01:44:20Z[0m [33mDBG[0m [1mgithub.com/traefik/traefik/v3/pkg/middlewares/recovery/recovery.go:22[0m[36m >[0m Creating middleware [36mentryPointName=[0mweb [36mmiddlewareName=[0mtraefik-internal-recovery [36mmiddlewareType=[0mRecovery
[90m2025-10-30T01:44:20Z[0m [33mDBG[0m [1mgithub.com/traefik/traefik/v3/pkg/middlewares/recovery/recovery.go:22[0m[36m >[0m Creating middleware [36mentryPointName=[0mwebsecure [36mmiddlewareName=[0mtraefik-internal-recovery [36mmiddlewareType=[0mRecovery
